<?xml version="1.0" encoding="UTF-8"?>
<testng-results skipped="0" failed="0" ignored="0" total="1" passed="1">
  <reporter-output>
  </reporter-output>
  <suite name="Default suite" duration-ms="187480" started-at="2018-02-08T04:22:44Z" finished-at="2018-02-08T04:25:51Z">
    <groups>
    </groups>
    <test name="Default test" duration-ms="187480" started-at="2018-02-08T04:22:44Z" finished-at="2018-02-08T04:25:51Z">
      <class name="com.qwinix.awsdev.screens.LoginScreen">
        <test-method status="PASS" signature="setup()[pri:0, instance:com.qwinix.awsdev.screens.LoginScreen@4cf777e8]" name="setup" is-config="true" duration-ms="82465" started-at="2018-02-08T09:52:44Z" finished-at="2018-02-08T09:54:06Z">
          <reporter-output>
          </reporter-output>
        </test-method> <!-- setup -->
        <test-method status="PASS" signature="runningTest()[pri:1, instance:com.qwinix.awsdev.screens.LoginScreen@4cf777e8]" name="runningTest" duration-ms="104713" started-at="2018-02-08T09:54:06Z" finished-at="2018-02-08T09:55:51Z">
          <reporter-output>
          </reporter-output>
        </test-method> <!-- runningTest -->
        <test-method status="PASS" signature="teardown()[pri:0, instance:com.qwinix.awsdev.screens.LoginScreen@4cf777e8]" name="teardown" is-config="true" duration-ms="280" started-at="2018-02-08T09:55:51Z" finished-at="2018-02-08T09:55:51Z">
          <reporter-output>
          </reporter-output>
        </test-method> <!-- teardown -->
      </class> <!-- com.qwinix.awsdev.screens.LoginScreen -->
    </test> <!-- Default test -->
  </suite> <!-- Default suite -->
</testng-results>
